2023-09-03 19:46:24 INFO  MenuControler:19 - botones
2023-09-03 19:46:27 INFO  ClienteController:43 - opciones
2023-09-03 19:47:10 INFO  ClienteController:52 - registrarCli
2023-09-03 19:47:20 INFO  ClienteController:43 - opciones
2023-09-03 19:47:24 INFO  ClienteController:83 - busquedaMarcayModelo
2023-09-03 19:48:31 INFO  EmpleadoController:44 - opciones
2023-09-03 19:48:33 INFO  EmpleadoController:179 - vistaRetirarSinReserva
2023-09-03 19:48:43 INFO  EmpleadoController:171 - buscarNumeroReserva
2023-09-03 19:49:38 INFO  EmpleadoController:44 - opciones
2023-09-03 19:49:39 INFO  EmpleadoController:103 - vistaBusquedaPlaca
2023-09-03 20:04:38 INFO  ClienteController:43 - opciones
2023-09-03 20:04:40 INFO  ClienteController:83 - busquedaMarcayModelo
2023-09-03 20:04:41 INFO  EmpleadoController:44 - opciones
2023-09-03 20:04:42 INFO  MenuControler:19 - botones
2023-09-03 20:04:43 INFO  ClienteController:43 - opciones
2023-09-03 20:04:45 INFO  ClienteController:83 - busquedaMarcayModelo
2023-09-03 20:05:11 INFO  ClienteController:83 - busquedaMarcayModelo
2023-09-03 20:05:12 INFO  ClienteController:43 - opciones
2023-09-03 20:05:13 INFO  ClienteController:83 - busquedaMarcayModelo
2023-09-03 20:05:13 INFO  ClienteController:43 - opciones
2023-09-03 20:05:14 INFO  ClienteController:97 - registrarReserva
2023-09-03 20:05:15 INFO  ClienteController:43 - opciones
2023-09-03 20:05:16 INFO  MenuControler:19 - botones
2023-09-03 20:05:17 INFO  EmpleadoController:44 - opciones
2023-09-03 20:05:18 INFO  EmpleadoController:103 - vistaBusquedaPlaca
2023-09-03 20:05:19 INFO  EmpleadoController:44 - opciones
2023-09-03 20:05:22 INFO  MenuControler:19 - botones
